******************************
Using the following:
    docker_path: ./scientific-python-3.2
   repository: scivm/scientific-python-3.2
   tag: latest
******************************
*** docker run -cidfile=/tmp/C3PqFWWQXI/CID -v /tmp/C3PqFWWQXI:/.data ubuntu:12.04 /.data/setup.sh
+ echo deb ftp://mirror.hetzner.de/ubuntu/packages precise main restricted universe multiverse
+ apt-get update
Get:1 ftp://mirror.hetzner.de precise InRelease
Ign ftp://mirror.hetzner.de precise InRelease
Get:2 ftp://mirror.hetzner.de precise Release.gpg [198 B]
Get:3 ftp://mirror.hetzner.de precise Release [49.6 kB]
Get:4 ftp://mirror.hetzner.de precise/main amd64 Packages [1640 kB]
Get:5 ftp://mirror.hetzner.de precise/restricted amd64 Packages [9098 B]
Get:6 ftp://mirror.hetzner.de precise/universe amd64 Packages [6167 kB]
Get:7 ftp://mirror.hetzner.de precise/multiverse amd64 Packages [152 kB]
Get:8 ftp://mirror.hetzner.de precise/main i386 Packages [1641 kB]
Get:9 ftp://mirror.hetzner.de precise/restricted i386 Packages [9108 B]
Get:10 ftp://mirror.hetzner.de precise/universe i386 Packages [6180 kB]
Get:11 ftp://mirror.hetzner.de precise/multiverse i386 Packages [155 kB]
Get:12 ftp://mirror.hetzner.de precise/main TranslationIndex
Ign ftp://mirror.hetzner.de precise/main TranslationIndex
Get:13 ftp://mirror.hetzner.de precise/multiverse TranslationIndex
Ign ftp://mirror.hetzner.de precise/multiverse TranslationIndex
Get:14 ftp://mirror.hetzner.de precise/restricted TranslationIndex
Ign ftp://mirror.hetzner.de precise/restricted TranslationIndex
Get:15 ftp://mirror.hetzner.de precise/universe TranslationIndex
Ign ftp://mirror.hetzner.de precise/universe TranslationIndex
Get:16 ftp://mirror.hetzner.de precise/main Translation-en
Get:17 ftp://mirror.hetzner.de precise/multiverse Translation-en
Get:18 ftp://mirror.hetzner.de precise/restricted Translation-en
Get:19 ftp://mirror.hetzner.de precise/universe Translation-en
Get:20 ftp://mirror.hetzner.de precise/main Translation-en
Get:21 ftp://mirror.hetzner.de precise/multiverse Translation-en
Get:22 ftp://mirror.hetzner.de precise/restricted Translation-en
Get:23 ftp://mirror.hetzner.de precise/universe Translation-en
Get:24 ftp://mirror.hetzner.de precise/main Translation-en
Ign ftp://mirror.hetzner.de precise/main Translation-en
Get:25 ftp://mirror.hetzner.de precise/multiverse Translation-en
Ign ftp://mirror.hetzner.de precise/multiverse Translation-en
Get:26 ftp://mirror.hetzner.de precise/restricted Translation-en
Ign ftp://mirror.hetzner.de precise/restricted Translation-en
Get:27 ftp://mirror.hetzner.de precise/universe Translation-en
Ign ftp://mirror.hetzner.de precise/universe Translation-en
Fetched 16.0 MB in 3s (5256 kB/s)
Reading package lists...
+ apt-get upgrade -y
Reading package lists...
Building dependency tree...
0 upgraded, 0 newly installed, 0 to remove and 0 not upgraded.
+ Reading package lists...
Building dependency tree...apt-get install -y openssh-server git-core curl wget vim-tiny

The following extra packages will be installed:
  ca-certificates git git-man krb5-locales less libasn1-8-heimdal libbsd0
  libclass-isa-perl libcurl3 libcurl3-gnutls libedit2 liberror-perl libexpat1
  libgcrypt11 libgdbm3 libgnutls26 libgpg-error0 libgssapi-krb5-2
  libgssapi3-heimdal libhcrypto4-heimdal libheimbase1-heimdal
  libheimntlm0-heimdal libhx509-5-heimdal libidn11 libk5crypto3 libkeyutils1
  libkrb5-26-heimdal libkrb5-3 libkrb5support0 libldap-2.4-2 libp11-kit0
  libpopt0 libroken18-heimdal librtmp0 libsasl2-2 libsasl2-modules
  libsqlite3-0 libswitch-perl libtasn1-3 libwind0-heimdal libwrap0 libx11-6
  libx11-data libxau6 libxcb1 libxdmcp6 libxext6 libxmuu1 netbase
  openssh-client openssl patch perl perl-modules rsync ssh-import-id tcpd
  vim-common xauth
Suggested packages:
  git-daemon-run git-daemon-sysvinit git-doc git-el git-arch git-cvs git-svn
  git-email git-gui gitk gitweb rng-tools gnutls-bin krb5-doc krb5-user
  libsasl2-modules-otp libsasl2-modules-ldap libsasl2-modules-sql
  libsasl2-modules-gssapi-mit libsasl2-modules-gssapi-heimdal ssh-askpass
  libpam-ssh keychain monkeysphere openssh-blacklist openssh-blacklist-extra
  rssh molly-guard ufw ed diffutils-doc perl-doc libterm-readline-gnu-perl
  libterm-readline-perl-perl make libpod-plainer-perl indent
Recommended packages:
  ssh-client
The following NEW packages will be installed:
  ca-certificates curl git git-core git-man krb5-locales less
  libasn1-8-heimdal libbsd0 libclass-isa-perl libcurl3 libcurl3-gnutls
  libedit2 liberror-perl libexpat1 libgcrypt11 libgdbm3 libgnutls26
  libgpg-error0 libgssapi-krb5-2 libgssapi3-heimdal libhcrypto4-heimdal
  libheimbase1-heimdal libheimntlm0-heimdal libhx509-5-heimdal libidn11
  libk5crypto3 libkeyutils1 libkrb5-26-heimdal libkrb5-3 libkrb5support0
  libldap-2.4-2 libp11-kit0 libpopt0 libroken18-heimdal librtmp0 libsasl2-2
  libsasl2-modules libsqlite3-0 libswitch-perl libtasn1-3 libwind0-heimdal
  libwrap0 libx11-6 libx11-data libxau6 libxcb1 libxdmcp6 libxext6 libxmuu1
  netbase openssh-client openssh-server openssl patch perl perl-modules rsync
  ssh-import-id tcpd vim-common vim-tiny wget xauth
0 upgraded, 64 newly installed, 0 to remove and 0 not upgraded.
Need to get 23.1 MB of archives.
After this operation, 71.9 MB of additional disk space will be used.
Get:1 ftp://mirror.hetzner.de/ubuntu/packages/ precise/main libexpat1 amd64 2.0.1-7.2ubuntu1 [131 kB]
Get:2 ftp://mirror.hetzner.de/ubuntu/packages/ precise/main libpopt0 amd64 1.16-3ubuntu1 [28.7 kB]
Get:3 ftp://mirror.hetzner.de/ubuntu/packages/ precise/main libsqlite3-0 amd64 3.7.9-2ubuntu1 [348 kB]
Get:4 ftp://mirror.hetzner.de/ubuntu/packages/ precise/main libroken18-heimdal amd64 1.6~git20120311.dfsg.1-2 [46.0 kB]
Get:5 ftp://mirror.hetzner.de/ubuntu/packages/ precise/main libasn1-8-heimdal amd64 1.6~git20120311.dfsg.1-2 [220 kB]
Get:6 ftp://mirror.hetzner.de/ubuntu/packages/ precise/main libbsd0 amd64 0.3.0-2 [31.6 kB]
Get:7 ftp://mirror.hetzner.de/ubuntu/packages/ precise/main libgpg-error0 amd64 1.10-2ubuntu1 [14.5 kB]
Get:8 ftp://mirror.hetzner.de/ubuntu/packages/ precise/main libgcrypt11 amd64 1.5.0-3 [280 kB]
Get:9 ftp://mirror.hetzner.de/ubuntu/packages/ precise/main libp11-kit0 amd64 0.12-2ubuntu1 [34.3 kB]
Get:10 ftp://mirror.hetzner.de/ubuntu/packages/ precise/main libtasn1-3 amd64 2.10-1ubuntu1 [43.1 kB]
Get:11 ftp://mirror.hetzner.de/ubuntu/packages/ precise/main libgnutls26 amd64 2.12.14-5ubuntu3 [459 kB]
Get:12 ftp://mirror.hetzner.de/ubuntu/packages/ precise/main libkrb5support0 amd64 1.10+dfsg~beta1-2 [23.5 kB]
Get:13 ftp://mirror.hetzner.de/ubuntu/packages/ precise/main libk5crypto3 amd64 1.10+dfsg~beta1-2 [79.9 kB]
Get:14 ftp://mirror.hetzner.de/ubuntu/packages/ precise/main libkeyutils1 amd64 1.5.2-2 [7862 B]
Get:15 ftp://mirror.hetzner.de/ubuntu/packages/ precise/main libkrb5-3 amd64 1.10+dfsg~beta1-2 [354 kB]
Get:16 ftp://mirror.hetzner.de/ubuntu/packages/ precise/main libgssapi-krb5-2 amd64 1.10+dfsg~beta1-2 [118 kB]
Get:17 ftp://mirror.hetzner.de/ubuntu/packages/ precise/main libidn11 amd64 1.23-2 [112 kB]
Get:18 ftp://mirror.hetzner.de/ubuntu/packages/ precise/main libhcrypto4-heimdal amd64 1.6~git20120311.dfsg.1-2 [103 kB]
Get:19 ftp://mirror.hetzner.de/ubuntu/packages/ precise/main libheimbase1-heimdal amd64 1.6~git20120311.dfsg.1-2 [33.0 kB]
Get:20 ftp://mirror.hetzner.de/ubuntu/packages/ precise/main libwind0-heimdal amd64 1.6~git20120311.dfsg.1-2 [77.8 kB]
Get:21 ftp://mirror.hetzner.de/ubuntu/packages/ precise/main libhx509-5-heimdal amd64 1.6~git20120311.dfsg.1-2 [125 kB]
Get:22 ftp://mirror.hetzner.de/ubuntu/packages/ precise/main libkrb5-26-heimdal amd64 1.6~git20120311.dfsg.1-2 [234 kB]
Get:23 ftp://mirror.hetzner.de/ubuntu/packages/ precise/main libheimntlm0-heimdal amd64 1.6~git20120311.dfsg.1-2 [16.0 kB]
Get:24 ftp://mirror.hetzner.de/ubuntu/packages/ precise/main libgssapi3-heimdal amd64 1.6~git20120311.dfsg.1-2 [108 kB]
Get:25 ftp://mirror.hetzner.de/ubuntu/packages/ precise/main libsasl2-2 amd64 2.1.25.dfsg1-3 [69.8 kB]
Get:26 ftp://mirror.hetzner.de/ubuntu/packages/ precise/main libldap-2.4-2 amd64 2.4.28-1.1ubuntu4 [186 kB]
Get:27 ftp://mirror.hetzner.de/ubuntu/packages/ precise/main librtmp0 amd64 2.4~20110711.gitc28f1bab-1 [57.1 kB]
Get:28 ftp://mirror.hetzner.de/ubuntu/packages/ precise/main openssl amd64 1.0.1-4ubuntu3 [523 kB]
Get:29 ftp://mirror.hetzner.de/ubuntu/packages/ precise/main ca-certificates all 20111211 [169 kB]
Get:30 ftp://mirror.hetzner.de/ubuntu/packages/ precise/main libcurl3-gnutls amd64 7.22.0-3ubuntu4 [227 kB]
Get:31 ftp://mirror.hetzner.de/ubuntu/packages/ precise/main libedit2 amd64 2.11-20080614-3ubuntu2 [70.3 kB]
Get:32 ftp://mirror.hetzner.de/ubuntu/packages/ precise/main libgdbm3 amd64 1.8.3-10 [35.3 kB]
Get:33 ftp://mirror.hetzner.de/ubuntu/packages/ precise/main libxau6 amd64 1:1.0.6-4 [8392 B]
Get:34 ftp://mirror.hetzner.de/ubuntu/packages/ precise/main libxdmcp6 amd64 1:1.1.0-4 [12.7 kB]
Get:35 ftp://mirror.hetzner.de/ubuntu/packages/ precise/main libxcb1 amd64 1.8.1-1 [44.7 kB]
Get:36 ftp://mirror.hetzner.de/ubuntu/packages/ precise/main libx11-data all 2:1.4.99.1-0ubuntu2 [168 kB]
Get:37 ftp://mirror.hetzner.de/ubuntu/packages/ precise/main libx11-6 amd64 2:1.4.99.1-0ubuntu2 [762 kB]
Get:38 ftp://mirror.hetzner.de/ubuntu/packages/ precise/main libxext6 amd64 2:1.3.0-3build1 [33.2 kB]
Get:39 ftp://mirror.hetzner.de/ubuntu/packages/ precise/main libxmuu1 amd64 2:1.1.0-3 [11.0 kB]
Get:40 ftp://mirror.hetzner.de/ubuntu/packages/ precise/main libcurl3 amd64 7.22.0-3ubuntu4 [237 kB]
Get:41 ftp://mirror.hetzner.de/ubuntu/packages/ precise/main libwrap0 amd64 7.6.q-21 [49.9 kB]
Get:42 ftp://mirror.hetzner.de/ubuntu/packages/ precise/main less amd64 444-1ubuntu1 [114 kB]
Get:43 ftp://mirror.hetzner.de/ubuntu/packages/ precise/main netbase all 4.47ubuntu1 [15.0 kB]
Get:44 ftp://mirror.hetzner.de/ubuntu/packages/ precise/main vim-common amd64 2:7.3.429-2ubuntu2 [86.6 kB]
Get:45 ftp://mirror.hetzner.de/ubuntu/packages/ precise/main vim-tiny amd64 2:7.3.429-2ubuntu2 [411 kB]
Get:46 ftp://mirror.hetzner.de/ubuntu/packages/ precise/main krb5-locales all 1.10+dfsg~beta1-2 [8886 B]
Get:47 ftp://mirror.hetzner.de/ubuntu/packages/ precise/main libsasl2-modules amd64 2.1.25.dfsg1-3 [63.4 kB]
Get:48 ftp://mirror.hetzner.de/ubuntu/packages/ precise/main openssh-client amd64 1:5.9p1-5ubuntu1 [943 kB]
Get:49 ftp://mirror.hetzner.de/ubuntu/packages/ precise/main rsync amd64 3.0.9-1ubuntu1 [310 kB]
Get:50 ftp://mirror.hetzner.de/ubuntu/packages/ precise/main wget amd64 1.13.4-2ubuntu1 [277 kB]
Get:51 ftp://mirror.hetzner.de/ubuntu/packages/ precise/main xauth amd64 1:1.0.6-1 [26.2 kB]
Get:52 ftp://mirror.hetzner.de/ubuntu/packages/ precise/main curl amd64 7.22.0-3ubuntu4 [138 kB]
Get:53 ftp://mirror.hetzner.de/ubuntu/packages/ precise/main perl amd64 5.14.2-6ubuntu2 [4417 kB]
Get:54 ftp://mirror.hetzner.de/ubuntu/packages/ precise/main libswitch-perl all 2.16-2 [19.2 kB]
Get:55 ftp://mirror.hetzner.de/ubuntu/packages/ precise/main libclass-isa-perl all 0.36-3 [11.9 kB]
Get:56 ftp://mirror.hetzner.de/ubuntu/packages/ precise/main perl-modules all 5.14.2-6ubuntu2 [3369 kB]
Get:57 ftp://mirror.hetzner.de/ubuntu/packages/ precise/main liberror-perl all 0.17-1 [23.8 kB]
Get:58 ftp://mirror.hetzner.de/ubuntu/packages/ precise/main git-man all 1:1.7.9.5-1 [630 kB]
Get:59 ftp://mirror.hetzner.de/ubuntu/packages/ precise/main git amd64 1:1.7.9.5-1 [6087 kB]
Get:60 ftp://mirror.hetzner.de/ubuntu/packages/ precise/main git-core all 1:1.7.9.5-1 [1384 B]
Get:61 ftp://mirror.hetzner.de/ubuntu/packages/ precise/main openssh-server amd64 1:5.9p1-5ubuntu1 [339 kB]
Get:62 ftp://mirror.hetzner.de/ubuntu/packages/ precise/main patch amd64 2.6.1-3 [80.2 kB]
Get:63 ftp://mirror.hetzner.de/ubuntu/packages/ precise/main tcpd amd64 7.6.q-21 [29.4 kB]
Get:64 ftp://mirror.hetzner.de/ubuntu/packages/ precise/main ssh-import-id all 2.10-0ubuntu1 [6598 B]
debconf: delaying package configuration, since apt-utils is not installed
Fetched 23.1 MB in 1s (21.7 MB/s)
Selecting previously unselected package libexpat1.
(Reading database ... 7545 files and directories currently installed.)
Unpacking libexpat1 (from .../libexpat1_2.0.1-7.2ubuntu1_amd64.deb) ...
Selecting previously unselected package libpopt0.
Unpacking libpopt0 (from .../libpopt0_1.16-3ubuntu1_amd64.deb) ...
Selecting previously unselected package libsqlite3-0.
Unpacking libsqlite3-0 (from .../libsqlite3-0_3.7.9-2ubuntu1_amd64.deb) ...
Selecting previously unselected package libroken18-heimdal.
Unpacking libroken18-heimdal (from .../libroken18-heimdal_1.6~git20120311.dfsg.1-2_amd64.deb) ...
Selecting previously unselected package libasn1-8-heimdal.
Unpacking libasn1-8-heimdal (from .../libasn1-8-heimdal_1.6~git20120311.dfsg.1-2_amd64.deb) ...
Selecting previously unselected package libbsd0.
Unpacking libbsd0 (from .../libbsd0_0.3.0-2_amd64.deb) ...
Selecting previously unselected package libgpg-error0.
Unpacking libgpg-error0 (from .../libgpg-error0_1.10-2ubuntu1_amd64.deb) ...
Selecting previously unselected package libgcrypt11.
Unpacking libgcrypt11 (from .../libgcrypt11_1.5.0-3_amd64.deb) ...
Selecting previously unselected package libp11-kit0.
Unpacking libp11-kit0 (from .../libp11-kit0_0.12-2ubuntu1_amd64.deb) ...
Selecting previously unselected package libtasn1-3.
Unpacking libtasn1-3 (from .../libtasn1-3_2.10-1ubuntu1_amd64.deb) ...
Selecting previously unselected package libgnutls26.
Unpacking libgnutls26 (from .../libgnutls26_2.12.14-5ubuntu3_amd64.deb) ...
Selecting previously unselected package libkrb5support0.
Unpacking libkrb5support0 (from .../libkrb5support0_1.10+dfsg~beta1-2_amd64.deb) ...
Selecting previously unselected package libk5crypto3.
Unpacking libk5crypto3 (from .../libk5crypto3_1.10+dfsg~beta1-2_amd64.deb) ...
Selecting previously unselected package libkeyutils1.
Unpacking libkeyutils1 (from .../libkeyutils1_1.5.2-2_amd64.deb) ...
Selecting previously unselected package libkrb5-3.
Unpacking libkrb5-3 (from .../libkrb5-3_1.10+dfsg~beta1-2_amd64.deb) ...
Selecting previously unselected package libgssapi-krb5-2.
Unpacking libgssapi-krb5-2 (from .../libgssapi-krb5-2_1.10+dfsg~beta1-2_amd64.deb) ...
Selecting previously unselected package libidn11.
Unpacking libidn11 (from .../libidn11_1.23-2_amd64.deb) ...
Selecting previously unselected package libhcrypto4-heimdal.
Unpacking libhcrypto4-heimdal (from .../libhcrypto4-heimdal_1.6~git20120311.dfsg.1-2_amd64.deb) ...
